2024-06-27 17:33:27.252 | DEBUG    | __main__:__init__:42 - Application initialized, starting capture process.
2024-06-27 17:33:27.366 | DEBUG    | __main__:start_capture:47 - Starting capture process.
2024-06-27 17:33:27.382 | DEBUG    | __main__:capture_area:54 - Capturing screen area.
2024-06-27 17:33:29.467 | DEBUG    | __main__:on_button_press_capture:65 - Mouse pressed at (1411, 459)
2024-06-27 17:33:29.468 | DEBUG    | __main__:on_mouse_drag_capture:74 - Mouse dragged to (1411, 464)
2024-06-27 17:33:29.470 | DEBUG    | __main__:on_mouse_drag_capture:74 - Mouse dragged to (1410, 468)
2024-06-27 17:33:29.474 | DEBUG    | __main__:on_mouse_drag_capture:74 - Mouse dragged to (1410, 470)
2024-06-27 17:33:29.475 | DEBUG    | __main__:on_mouse_drag_capture:74 - Mouse dragged to (1408, 475)
2024-06-27 17:33:29.503 | DEBUG    | __main__:on_mouse_drag_capture:74 - Mouse dragged to (1407, 516)
2024-06-27 17:33:29.505 | DEBUG    | __main__:on_mouse_drag_capture:74 - Mouse dragged to (1407, 527)
2024-06-27 17:33:29.509 | DEBUG    | __main__:on_mouse_drag_capture:74 - Mouse dragged to (1407, 537)
2024-06-27 17:33:29.513 | DEBUG    | __main__:on_mouse_drag_capture:74 - Mouse dragged to (1407, 548)
2024-06-27 17:33:29.517 | DEBUG    | __main__:on_mouse_drag_capture:74 - Mouse dragged to (1407, 559)
2024-06-27 17:33:29.521 | DEBUG    | __main__:on_mouse_drag_capture:74 - Mouse dragged to (1407, 570)
2024-06-27 17:33:29.525 | DEBUG    | __main__:on_mouse_drag_capture:74 - Mouse dragged to (1407, 583)
2024-06-27 17:33:29.528 | DEBUG    | __main__:on_mouse_drag_capture:74 - Mouse dragged to (1407, 597)
2024-06-27 17:33:29.532 | DEBUG    | __main__:on_mouse_drag_capture:74 - Mouse dragged to (1407, 613)
2024-06-27 17:33:29.536 | DEBUG    | __main__:on_mouse_drag_capture:74 - Mouse dragged to (1407, 626)
2024-06-27 17:33:29.542 | DEBUG    | __main__:on_mouse_drag_capture:74 - Mouse dragged to (1407, 640)
2024-06-27 17:33:29.545 | DEBUG    | __main__:on_mouse_drag_capture:74 - Mouse dragged to (1408, 656)
2024-06-27 17:33:29.549 | DEBUG    | __main__:on_mouse_drag_capture:74 - Mouse dragged to (1410, 670)
2024-06-27 17:33:29.553 | DEBUG    | __main__:on_mouse_drag_capture:74 - Mouse dragged to (1414, 684)
2024-06-27 17:33:29.557 | DEBUG    | __main__:on_mouse_drag_capture:74 - Mouse dragged to (1418, 698)
2024-06-27 17:33:29.562 | DEBUG    | __main__:on_mouse_drag_capture:74 - Mouse dragged to (1424, 710)
2024-06-27 17:33:29.564 | DEBUG    | __main__:on_mouse_drag_capture:74 - Mouse dragged to (1430, 722)
2024-06-27 17:33:29.570 | DEBUG    | __main__:on_mouse_drag_capture:74 - Mouse dragged to (1435, 733)
2024-06-27 17:33:29.573 | DEBUG    | __main__:on_mouse_drag_capture:74 - Mouse dragged to (1441, 743)
2024-06-27 17:33:29.578 | DEBUG    | __main__:on_mouse_drag_capture:74 - Mouse dragged to (1447, 752)
2024-06-27 17:33:29.582 | DEBUG    | __main__:on_mouse_drag_capture:74 - Mouse dragged to (1452, 761)
2024-06-27 17:33:29.585 | DEBUG    | __main__:on_mouse_drag_capture:74 - Mouse dragged to (1460, 771)
2024-06-27 17:33:29.589 | DEBUG    | __main__:on_mouse_drag_capture:74 - Mouse dragged to (1465, 778)
2024-06-27 17:33:29.593 | DEBUG    | __main__:on_mouse_drag_capture:74 - Mouse dragged to (1472, 785)
2024-06-27 17:33:29.597 | DEBUG    | __main__:on_mouse_drag_capture:74 - Mouse dragged to (1480, 795)
2024-06-27 17:33:29.601 | DEBUG    | __main__:on_mouse_drag_capture:74 - Mouse dragged to (1490, 803)
2024-06-27 17:33:29.605 | DEBUG    | __main__:on_mouse_drag_capture:74 - Mouse dragged to (1497, 810)
2024-06-27 17:33:29.609 | DEBUG    | __main__:on_mouse_drag_capture:74 - Mouse dragged to (1506, 815)
2024-06-27 17:33:29.613 | DEBUG    | __main__:on_mouse_drag_capture:74 - Mouse dragged to (1518, 823)
2024-06-27 17:33:29.617 | DEBUG    | __main__:on_mouse_drag_capture:74 - Mouse dragged to (1528, 829)
2024-06-27 17:33:29.621 | DEBUG    | __main__:on_mouse_drag_capture:74 - Mouse dragged to (1542, 835)
2024-06-27 17:33:29.625 | DEBUG    | __main__:on_mouse_drag_capture:74 - Mouse dragged to (1554, 841)
2024-06-27 17:33:29.629 | DEBUG    | __main__:on_mouse_drag_capture:74 - Mouse dragged to (1565, 845)
2024-06-27 17:33:29.633 | DEBUG    | __main__:on_mouse_drag_capture:74 - Mouse dragged to (1580, 851)
2024-06-27 17:33:29.638 | DEBUG    | __main__:on_mouse_drag_capture:74 - Mouse dragged to (1591, 855)
2024-06-27 17:33:29.641 | DEBUG    | __main__:on_mouse_drag_capture:74 - Mouse dragged to (1603, 861)
2024-06-27 17:33:29.645 | DEBUG    | __main__:on_mouse_drag_capture:74 - Mouse dragged to (1617, 867)
2024-06-27 17:33:29.649 | DEBUG    | __main__:on_mouse_drag_capture:74 - Mouse dragged to (1631, 873)
2024-06-27 17:33:29.653 | DEBUG    | __main__:on_mouse_drag_capture:74 - Mouse dragged to (1646, 879)
2024-06-27 17:33:29.657 | DEBUG    | __main__:on_mouse_drag_capture:74 - Mouse dragged to (1665, 883)
2024-06-27 17:33:29.661 | DEBUG    | __main__:on_mouse_drag_capture:74 - Mouse dragged to (1681, 887)
2024-06-27 17:33:29.665 | DEBUG    | __main__:on_mouse_drag_capture:74 - Mouse dragged to (1698, 890)
2024-06-27 17:33:29.671 | DEBUG    | __main__:on_mouse_drag_capture:74 - Mouse dragged to (1717, 894)
2024-06-27 17:33:29.673 | DEBUG    | __main__:on_mouse_drag_capture:74 - Mouse dragged to (1736, 896)
2024-06-27 17:33:29.677 | DEBUG    | __main__:on_mouse_drag_capture:74 - Mouse dragged to (1755, 898)
2024-06-27 17:33:29.681 | DEBUG    | __main__:on_mouse_drag_capture:74 - Mouse dragged to (1774, 902)
2024-06-27 17:33:29.688 | DEBUG    | __main__:on_mouse_drag_capture:74 - Mouse dragged to (1790, 904)
2024-06-27 17:33:29.691 | DEBUG    | __main__:on_mouse_drag_capture:74 - Mouse dragged to (1809, 906)
2024-06-27 17:33:29.693 | DEBUG    | __main__:on_mouse_drag_capture:74 - Mouse dragged to (1828, 908)
2024-06-27 17:33:29.697 | DEBUG    | __main__:on_mouse_drag_capture:74 - Mouse dragged to (1844, 910)
2024-06-27 17:33:29.702 | DEBUG    | __main__:on_mouse_drag_capture:74 - Mouse dragged to (1863, 910)
2024-06-27 17:33:29.706 | DEBUG    | __main__:on_mouse_drag_capture:74 - Mouse dragged to (1882, 913)
2024-06-27 17:33:29.709 | DEBUG    | __main__:on_mouse_drag_capture:74 - Mouse dragged to (1900, 913)
2024-06-27 17:33:29.713 | DEBUG    | __main__:on_mouse_drag_capture:74 - Mouse dragged to (1919, 913)
2024-06-27 17:33:29.717 | DEBUG    | __main__:on_mouse_drag_capture:74 - Mouse dragged to (1938, 913)
2024-06-27 17:33:29.721 | DEBUG    | __main__:on_mouse_drag_capture:74 - Mouse dragged to (1954, 913)
2024-06-27 17:33:29.725 | DEBUG    | __main__:on_mouse_drag_capture:74 - Mouse dragged to (1970, 913)
2024-06-27 17:33:29.728 | DEBUG    | __main__:on_mouse_drag_capture:74 - Mouse dragged to (1986, 915)
2024-06-27 17:33:29.733 | DEBUG    | __main__:on_mouse_drag_capture:74 - Mouse dragged to (2002, 915)
2024-06-27 17:33:29.737 | DEBUG    | __main__:on_mouse_drag_capture:74 - Mouse dragged to (2016, 915)
2024-06-27 17:33:29.740 | DEBUG    | __main__:on_mouse_drag_capture:74 - Mouse dragged to (2029, 917)
2024-06-27 17:33:29.745 | DEBUG    | __main__:on_mouse_drag_capture:74 - Mouse dragged to (2043, 917)
2024-06-27 17:33:29.749 | DEBUG    | __main__:on_mouse_drag_capture:74 - Mouse dragged to (2054, 917)
2024-06-27 17:33:29.754 | DEBUG    | __main__:on_mouse_drag_capture:74 - Mouse dragged to (2065, 918)
2024-06-27 17:33:29.757 | DEBUG    | __main__:on_mouse_drag_capture:74 - Mouse dragged to (2078, 918)
2024-06-27 17:33:29.760 | DEBUG    | __main__:on_mouse_drag_capture:74 - Mouse dragged to (2092, 918)
2024-06-27 17:33:29.764 | DEBUG    | __main__:on_mouse_drag_capture:74 - Mouse dragged to (2103, 918)
2024-06-27 17:33:29.769 | DEBUG    | __main__:on_mouse_drag_capture:74 - Mouse dragged to (2114, 918)
2024-06-27 17:33:29.774 | DEBUG    | __main__:on_mouse_drag_capture:74 - Mouse dragged to (2122, 920)
2024-06-27 17:33:29.777 | DEBUG    | __main__:on_mouse_drag_capture:74 - Mouse dragged to (2131, 922)
2024-06-27 17:33:29.781 | DEBUG    | __main__:on_mouse_drag_capture:74 - Mouse dragged to (2139, 922)
2024-06-27 17:33:29.785 | DEBUG    | __main__:on_mouse_drag_capture:74 - Mouse dragged to (2148, 924)
2024-06-27 17:33:29.789 | DEBUG    | __main__:on_mouse_drag_capture:74 - Mouse dragged to (2154, 924)
2024-06-27 17:33:29.793 | DEBUG    | __main__:on_mouse_drag_capture:74 - Mouse dragged to (2162, 925)
2024-06-27 17:33:29.796 | DEBUG    | __main__:on_mouse_drag_capture:74 - Mouse dragged to (2168, 925)
2024-06-27 17:33:29.800 | DEBUG    | __main__:on_mouse_drag_capture:74 - Mouse dragged to (2174, 927)
2024-06-27 17:33:29.805 | DEBUG    | __main__:on_mouse_drag_capture:74 - Mouse dragged to (2178, 927)
2024-06-27 17:33:29.809 | DEBUG    | __main__:on_mouse_drag_capture:74 - Mouse dragged to (2183, 927)
2024-06-27 17:33:29.813 | DEBUG    | __main__:on_mouse_drag_capture:74 - Mouse dragged to (2185, 927)
2024-06-27 17:33:29.817 | DEBUG    | __main__:on_mouse_drag_capture:74 - Mouse dragged to (2188, 927)
2024-06-27 17:33:29.821 | DEBUG    | __main__:on_mouse_drag_capture:74 - Mouse dragged to (2191, 928)
2024-06-27 17:33:29.825 | DEBUG    | __main__:on_mouse_drag_capture:74 - Mouse dragged to (2192, 928)
2024-06-27 17:33:29.833 | DEBUG    | __main__:on_mouse_drag_capture:74 - Mouse dragged to (2193, 928)
2024-06-27 17:33:29.841 | DEBUG    | __main__:on_button_release_capture:77 - Mouse released at (2193, 928)
2024-06-27 17:33:29.853 | DEBUG    | __main__:process_capture:90 - Processing capture from (1411, 459) to (2193, 928)
2024-06-27 17:33:29.954 | DEBUG    | __main__:show_image_window:100 - Showing image window.
2024-06-27 17:33:29.962 | DEBUG    | __main__:update_image_window_size:147 - Updated image window size to (782, 469)
2024-06-27 17:33:29.975 | DEBUG    | __main__:display_image:153 - Displayed image on canvas.
2024-06-27 17:37:59.067 | DEBUG    | __main__:__init__:46 - Application initialized, starting capture process.
2024-06-27 17:37:59.177 | DEBUG    | __main__:start_capture:51 - Starting capture process.
2024-06-27 17:37:59.188 | DEBUG    | __main__:capture_area:58 - Capturing screen area.
2024-06-27 17:38:00.434 | DEBUG    | __main__:on_button_press_capture:69 - Mouse pressed at (773, 399)
2024-06-27 17:38:00.436 | DEBUG    | __main__:on_mouse_drag_capture:78 - Mouse dragged to (774, 398)
2024-06-27 17:38:00.446 | DEBUG    | __main__:on_mouse_drag_capture:78 - Mouse dragged to (776, 398)
2024-06-27 17:38:00.450 | DEBUG    | __main__:on_mouse_drag_capture:78 - Mouse dragged to (776, 399)
2024-06-27 17:38:00.454 | DEBUG    | __main__:on_mouse_drag_capture:78 - Mouse dragged to (777, 402)
2024-06-27 17:38:00.458 | DEBUG    | __main__:on_mouse_drag_capture:78 - Mouse dragged to (778, 405)
2024-06-27 17:38:00.462 | DEBUG    | __main__:on_mouse_drag_capture:78 - Mouse dragged to (778, 406)
2024-06-27 17:38:00.466 | DEBUG    | __main__:on_mouse_drag_capture:78 - Mouse dragged to (778, 410)
2024-06-27 17:38:00.470 | DEBUG    | __main__:on_mouse_drag_capture:78 - Mouse dragged to (780, 412)
2024-06-27 17:38:00.475 | DEBUG    | __main__:on_mouse_drag_capture:78 - Mouse dragged to (780, 417)
2024-06-27 17:38:00.478 | DEBUG    | __main__:on_mouse_drag_capture:78 - Mouse dragged to (781, 421)
2024-06-27 17:38:00.482 | DEBUG    | __main__:on_mouse_drag_capture:78 - Mouse dragged to (781, 427)
2024-06-27 17:38:00.486 | DEBUG    | __main__:on_mouse_drag_capture:78 - Mouse dragged to (782, 431)
2024-06-27 17:38:00.490 | DEBUG    | __main__:on_mouse_drag_capture:78 - Mouse dragged to (785, 436)
2024-06-27 17:38:00.494 | DEBUG    | __main__:on_mouse_drag_capture:78 - Mouse dragged to (787, 442)
2024-06-27 17:38:00.498 | DEBUG    | __main__:on_mouse_drag_capture:78 - Mouse dragged to (790, 449)
2024-06-27 17:38:00.502 | DEBUG    | __main__:on_mouse_drag_capture:78 - Mouse dragged to (794, 455)
2024-06-27 17:38:00.507 | DEBUG    | __main__:on_mouse_drag_capture:78 - Mouse dragged to (795, 464)
2024-06-27 17:38:00.510 | DEBUG    | __main__:on_mouse_drag_capture:78 - Mouse dragged to (799, 470)
2024-06-27 17:38:00.514 | DEBUG    | __main__:on_mouse_drag_capture:78 - Mouse dragged to (802, 480)
2024-06-27 17:38:00.518 | DEBUG    | __main__:on_mouse_drag_capture:78 - Mouse dragged to (808, 489)
2024-06-27 17:38:00.522 | DEBUG    | __main__:on_mouse_drag_capture:78 - Mouse dragged to (813, 498)
2024-06-27 17:38:00.526 | DEBUG    | __main__:on_mouse_drag_capture:78 - Mouse dragged to (819, 510)
2024-06-27 17:38:00.530 | DEBUG    | __main__:on_mouse_drag_capture:78 - Mouse dragged to (825, 519)
2024-06-27 17:38:00.534 | DEBUG    | __main__:on_mouse_drag_capture:78 - Mouse dragged to (831, 531)
2024-06-27 17:38:00.538 | DEBUG    | __main__:on_mouse_drag_capture:78 - Mouse dragged to (839, 543)
2024-06-27 17:38:00.542 | DEBUG    | __main__:on_mouse_drag_capture:78 - Mouse dragged to (844, 553)
2024-06-27 17:38:00.547 | DEBUG    | __main__:on_mouse_drag_capture:78 - Mouse dragged to (855, 565)
2024-06-27 17:38:00.551 | DEBUG    | __main__:on_mouse_drag_capture:78 - Mouse dragged to (862, 574)
2024-06-27 17:38:00.554 | DEBUG    | __main__:on_mouse_drag_capture:78 - Mouse dragged to (873, 587)
2024-06-27 17:38:00.559 | DEBUG    | __main__:on_mouse_drag_capture:78 - Mouse dragged to (882, 596)
2024-06-27 17:38:00.562 | DEBUG    | __main__:on_mouse_drag_capture:78 - Mouse dragged to (895, 607)
2024-06-27 17:38:00.566 | DEBUG    | __main__:on_mouse_drag_capture:78 - Mouse dragged to (907, 619)
2024-06-27 17:38:00.570 | DEBUG    | __main__:on_mouse_drag_capture:78 - Mouse dragged to (922, 630)
2024-06-27 17:38:00.575 | DEBUG    | __main__:on_mouse_drag_capture:78 - Mouse dragged to (936, 638)
2024-06-27 17:38:00.578 | DEBUG    | __main__:on_mouse_drag_capture:78 - Mouse dragged to (956, 649)
2024-06-27 17:38:00.582 | DEBUG    | __main__:on_mouse_drag_capture:78 - Mouse dragged to (973, 657)
2024-06-27 17:38:00.586 | DEBUG    | __main__:on_mouse_drag_capture:78 - Mouse dragged to (990, 666)
2024-06-27 17:38:00.590 | DEBUG    | __main__:on_mouse_drag_capture:78 - Mouse dragged to (1009, 675)
2024-06-27 17:38:00.594 | DEBUG    | __main__:on_mouse_drag_capture:78 - Mouse dragged to (1029, 681)
2024-06-27 17:38:00.598 | DEBUG    | __main__:on_mouse_drag_capture:78 - Mouse dragged to (1046, 687)
2024-06-27 17:38:00.602 | DEBUG    | __main__:on_mouse_drag_capture:78 - Mouse dragged to (1065, 691)
2024-06-27 17:38:00.606 | DEBUG    | __main__:on_mouse_drag_capture:78 - Mouse dragged to (1084, 696)
2024-06-27 17:38:00.611 | DEBUG    | __main__:on_mouse_drag_capture:78 - Mouse dragged to (1100, 698)
2024-06-27 17:38:00.614 | DEBUG    | __main__:on_mouse_drag_capture:78 - Mouse dragged to (1119, 700)
2024-06-27 17:38:00.618 | DEBUG    | __main__:on_mouse_drag_capture:78 - Mouse dragged to (1138, 700)
2024-06-27 17:38:00.622 | DEBUG    | __main__:on_mouse_drag_capture:78 - Mouse dragged to (1154, 702)
2024-06-27 17:38:00.626 | DEBUG    | __main__:on_mouse_drag_capture:78 - Mouse dragged to (1173, 704)
2024-06-27 17:38:00.630 | DEBUG    | __main__:on_mouse_drag_capture:78 - Mouse dragged to (1192, 706)
2024-06-27 17:38:00.635 | DEBUG    | __main__:on_mouse_drag_capture:78 - Mouse dragged to (1208, 710)
2024-06-27 17:38:00.639 | DEBUG    | __main__:on_mouse_drag_capture:78 - Mouse dragged to (1227, 712)
2024-06-27 17:38:00.642 | DEBUG    | __main__:on_mouse_drag_capture:78 - Mouse dragged to (1246, 714)
2024-06-27 17:38:00.646 | DEBUG    | __main__:on_mouse_drag_capture:78 - Mouse dragged to (1265, 719)
2024-06-27 17:38:00.651 | DEBUG    | __main__:on_mouse_drag_capture:78 - Mouse dragged to (1284, 719)
2024-06-27 17:38:00.655 | DEBUG    | __main__:on_mouse_drag_capture:78 - Mouse dragged to (1301, 723)
2024-06-27 17:38:00.659 | DEBUG    | __main__:on_mouse_drag_capture:78 - Mouse dragged to (1319, 725)
2024-06-27 17:38:00.662 | DEBUG    | __main__:on_mouse_drag_capture:78 - Mouse dragged to (1339, 729)
2024-06-27 17:38:00.667 | DEBUG    | __main__:on_mouse_drag_capture:78 - Mouse dragged to (1360, 736)
2024-06-27 17:38:00.671 | DEBUG    | __main__:on_mouse_drag_capture:78 - Mouse dragged to (1382, 740)
2024-06-27 17:38:00.674 | DEBUG    | __main__:on_mouse_drag_capture:78 - Mouse dragged to (1404, 742)
2024-06-27 17:38:00.678 | DEBUG    | __main__:on_mouse_drag_capture:78 - Mouse dragged to (1425, 747)
2024-06-27 17:38:00.682 | DEBUG    | __main__:on_mouse_drag_capture:78 - Mouse dragged to (1447, 749)
2024-06-27 17:38:00.686 | DEBUG    | __main__:on_mouse_drag_capture:78 - Mouse dragged to (1468, 753)
2024-06-27 17:38:00.690 | DEBUG    | __main__:on_mouse_drag_capture:78 - Mouse dragged to (1487, 755)
2024-06-27 17:38:00.694 | DEBUG    | __main__:on_mouse_drag_capture:78 - Mouse dragged to (1506, 757)
2024-06-27 17:38:00.698 | DEBUG    | __main__:on_mouse_drag_capture:78 - Mouse dragged to (1525, 759)
2024-06-27 17:38:00.702 | DEBUG    | __main__:on_mouse_drag_capture:78 - Mouse dragged to (1544, 761)
2024-06-27 17:38:00.707 | DEBUG    | __main__:on_mouse_drag_capture:78 - Mouse dragged to (1563, 764)
2024-06-27 17:38:00.710 | DEBUG    | __main__:on_mouse_drag_capture:78 - Mouse dragged to (1577, 766)
2024-06-27 17:38:00.714 | DEBUG    | __main__:on_mouse_drag_capture:78 - Mouse dragged to (1591, 768)
2024-06-27 17:38:00.718 | DEBUG    | __main__:on_mouse_drag_capture:78 - Mouse dragged to (1602, 769)
2024-06-27 17:38:00.722 | DEBUG    | __main__:on_mouse_drag_capture:78 - Mouse dragged to (1610, 771)
2024-06-27 17:38:00.726 | DEBUG    | __main__:on_mouse_drag_capture:78 - Mouse dragged to (1619, 773)
2024-06-27 17:38:00.731 | DEBUG    | __main__:on_mouse_drag_capture:78 - Mouse dragged to (1627, 773)
2024-06-27 17:38:00.734 | DEBUG    | __main__:on_mouse_drag_capture:78 - Mouse dragged to (1634, 774)
2024-06-27 17:38:00.739 | DEBUG    | __main__:on_mouse_drag_capture:78 - Mouse dragged to (1642, 776)
2024-06-27 17:38:00.742 | DEBUG    | __main__:on_mouse_drag_capture:78 - Mouse dragged to (1648, 778)
2024-06-27 17:38:00.746 | DEBUG    | __main__:on_mouse_drag_capture:78 - Mouse dragged to (1657, 779)
2024-06-27 17:38:00.751 | DEBUG    | __main__:on_mouse_drag_capture:78 - Mouse dragged to (1663, 781)
2024-06-27 17:38:00.755 | DEBUG    | __main__:on_mouse_drag_capture:78 - Mouse dragged to (1669, 783)
2024-06-27 17:38:00.758 | DEBUG    | __main__:on_mouse_drag_capture:78 - Mouse dragged to (1676, 784)
2024-06-27 17:38:00.762 | DEBUG    | __main__:on_mouse_drag_capture:78 - Mouse dragged to (1682, 786)
2024-06-27 17:38:00.766 | DEBUG    | __main__:on_mouse_drag_capture:78 - Mouse dragged to (1686, 787)
2024-06-27 17:38:00.769 | DEBUG    | __main__:on_mouse_drag_capture:78 - Mouse dragged to (1691, 789)
2024-06-27 17:38:00.773 | DEBUG    | __main__:on_mouse_drag_capture:78 - Mouse dragged to (1695, 789)
2024-06-27 17:38:00.777 | DEBUG    | __main__:on_mouse_drag_capture:78 - Mouse dragged to (1699, 790)
2024-06-27 17:38:00.782 | DEBUG    | __main__:on_mouse_drag_capture:78 - Mouse dragged to (1703, 790)
2024-06-27 17:38:00.786 | DEBUG    | __main__:on_mouse_drag_capture:78 - Mouse dragged to (1706, 791)
2024-06-27 17:38:00.790 | DEBUG    | __main__:on_mouse_drag_capture:78 - Mouse dragged to (1712, 791)
2024-06-27 17:38:00.794 | DEBUG    | __main__:on_mouse_drag_capture:78 - Mouse dragged to (1717, 793)
2024-06-27 17:38:00.799 | DEBUG    | __main__:on_mouse_drag_capture:78 - Mouse dragged to (1719, 793)
2024-06-27 17:38:00.802 | DEBUG    | __main__:on_mouse_drag_capture:78 - Mouse dragged to (1722, 794)
2024-06-27 17:38:00.806 | DEBUG    | __main__:on_mouse_drag_capture:78 - Mouse dragged to (1723, 794)
2024-06-27 17:38:00.810 | DEBUG    | __main__:on_mouse_drag_capture:78 - Mouse dragged to (1724, 794)
2024-06-27 17:38:00.814 | DEBUG    | __main__:on_mouse_drag_capture:78 - Mouse dragged to (1725, 794)
2024-06-27 17:38:00.818 | DEBUG    | __main__:on_mouse_drag_capture:78 - Mouse dragged to (1726, 794)
2024-06-27 17:38:00.822 | DEBUG    | __main__:on_mouse_drag_capture:78 - Mouse dragged to (1728, 794)
2024-06-27 17:38:00.831 | DEBUG    | __main__:on_mouse_drag_capture:78 - Mouse dragged to (1729, 794)
2024-06-27 17:38:00.846 | DEBUG    | __main__:on_mouse_drag_capture:78 - Mouse dragged to (1730, 794)
2024-06-27 17:38:00.851 | DEBUG    | __main__:on_mouse_drag_capture:78 - Mouse dragged to (1731, 794)
2024-06-27 17:38:00.854 | DEBUG    | __main__:on_mouse_drag_capture:78 - Mouse dragged to (1732, 795)
2024-06-27 17:38:00.858 | DEBUG    | __main__:on_mouse_drag_capture:78 - Mouse dragged to (1733, 795)
2024-06-27 17:38:00.863 | DEBUG    | __main__:on_mouse_drag_capture:78 - Mouse dragged to (1734, 796)
2024-06-27 17:38:00.866 | DEBUG    | __main__:on_mouse_drag_capture:78 - Mouse dragged to (1737, 796)
2024-06-27 17:38:00.870 | DEBUG    | __main__:on_mouse_drag_capture:78 - Mouse dragged to (1738, 798)
2024-06-27 17:38:00.875 | DEBUG    | __main__:on_mouse_drag_capture:78 - Mouse dragged to (1740, 799)
2024-06-27 17:38:00.878 | DEBUG    | __main__:on_mouse_drag_capture:78 - Mouse dragged to (1742, 799)
2024-06-27 17:38:00.883 | DEBUG    | __main__:on_mouse_drag_capture:78 - Mouse dragged to (1744, 800)
2024-06-27 17:38:00.886 | DEBUG    | __main__:on_mouse_drag_capture:78 - Mouse dragged to (1745, 800)
2024-06-27 17:38:00.890 | DEBUG    | __main__:on_mouse_drag_capture:78 - Mouse dragged to (1745, 801)
2024-06-27 17:38:00.894 | DEBUG    | __main__:on_mouse_drag_capture:78 - Mouse dragged to (1746, 801)
2024-06-27 17:38:00.915 | DEBUG    | __main__:on_button_release_capture:81 - Mouse released at (1746, 801)
2024-06-27 17:38:00.928 | DEBUG    | __main__:process_capture:94 - Processing capture from (773, 399) to (1746, 801)
2024-06-27 17:38:01.018 | DEBUG    | __main__:show_image_window:104 - Showing image window.
2024-06-27 17:38:01.024 | DEBUG    | __main__:update_image_window_size:154 - Updated image window size to (973, 402)
2024-06-27 17:38:01.037 | DEBUG    | __main__:display_image:160 - Displayed image on canvas.
2024-06-27 17:38:05.434 | DEBUG    | __main__:copy_image:289 - Copying image to clipboard.
2024-06-27 17:38:22.211 | DEBUG    | __main__:copy_image:289 - Copying image to clipboard.
2024-06-27 17:38:29.230 | DEBUG    | __main__:enable_mosaic_mode:237 - Mosaic mode enabled.
2024-06-27 17:38:29.555 | DEBUG    | __main__:on_button_press:243 - Mosaic start position: (367.0, 80.0)
2024-06-27 17:38:29.559 | DEBUG    | __main__:on_mouse_drag:253 - Mosaic drag position: (367.0, 83.0)
2024-06-27 17:38:29.563 | DEBUG    | __main__:on_mouse_drag:253 - Mosaic drag position: (367.0, 86.0)
2024-06-27 17:38:29.567 | DEBUG    | __main__:on_mouse_drag:253 - Mosaic drag position: (367.0, 88.0)
2024-06-27 17:38:29.571 | DEBUG    | __main__:on_mouse_drag:253 - Mosaic drag position: (367.0, 91.0)
2024-06-27 17:38:29.575 | DEBUG    | __main__:on_mouse_drag:253 - Mosaic drag position: (367.0, 95.0)
2024-06-27 17:38:29.579 | DEBUG    | __main__:on_mouse_drag:253 - Mosaic drag position: (367.0, 99.0)
2024-06-27 17:38:29.583 | DEBUG    | __main__:on_mouse_drag:253 - Mosaic drag position: (367.0, 103.0)
2024-06-27 17:38:29.587 | DEBUG    | __main__:on_mouse_drag:253 - Mosaic drag position: (367.0, 109.0)
2024-06-27 17:38:29.591 | DEBUG    | __main__:on_mouse_drag:253 - Mosaic drag position: (367.0, 114.0)
2024-06-27 17:38:29.595 | DEBUG    | __main__:on_mouse_drag:253 - Mosaic drag position: (367.0, 120.0)
2024-06-27 17:38:29.599 | DEBUG    | __main__:on_mouse_drag:253 - Mosaic drag position: (367.0, 126.0)
2024-06-27 17:38:29.602 | DEBUG    | __main__:on_mouse_drag:253 - Mosaic drag position: (367.0, 132.0)
2024-06-27 17:38:29.606 | DEBUG    | __main__:on_mouse_drag:253 - Mosaic drag position: (367.0, 136.0)
2024-06-27 17:38:29.611 | DEBUG    | __main__:on_mouse_drag:253 - Mosaic drag position: (367.0, 142.0)
2024-06-27 17:38:29.615 | DEBUG    | __main__:on_mouse_drag:253 - Mosaic drag position: (367.0, 148.0)
2024-06-27 17:38:29.618 | DEBUG    | __main__:on_mouse_drag:253 - Mosaic drag position: (367.0, 152.0)
2024-06-27 17:38:29.622 | DEBUG    | __main__:on_mouse_drag:253 - Mosaic drag position: (367.0, 158.0)
2024-06-27 17:38:29.626 | DEBUG    | __main__:on_mouse_drag:253 - Mosaic drag position: (369.0, 164.0)
2024-06-27 17:38:29.630 | DEBUG    | __main__:on_mouse_drag:253 - Mosaic drag position: (371.0, 171.0)
2024-06-27 17:38:29.634 | DEBUG    | __main__:on_mouse_drag:253 - Mosaic drag position: (374.0, 177.0)
2024-06-27 17:38:29.638 | DEBUG    | __main__:on_mouse_drag:253 - Mosaic drag position: (377.0, 186.0)
2024-06-27 17:38:29.642 | DEBUG    | __main__:on_mouse_drag:253 - Mosaic drag position: (383.0, 193.0)
2024-06-27 17:38:29.646 | DEBUG    | __main__:on_mouse_drag:253 - Mosaic drag position: (386.0, 202.0)
2024-06-27 17:38:29.651 | DEBUG    | __main__:on_mouse_drag:253 - Mosaic drag position: (392.0, 209.0)
2024-06-27 17:38:29.654 | DEBUG    | __main__:on_mouse_drag:253 - Mosaic drag position: (397.0, 216.0)
2024-06-27 17:38:29.658 | DEBUG    | __main__:on_mouse_drag:253 - Mosaic drag position: (400.0, 221.0)
2024-06-27 17:38:29.662 | DEBUG    | __main__:on_mouse_drag:253 - Mosaic drag position: (406.0, 227.0)
2024-06-27 17:38:29.666 | DEBUG    | __main__:on_mouse_drag:253 - Mosaic drag position: (409.0, 230.0)
2024-06-27 17:38:29.670 | DEBUG    | __main__:on_mouse_drag:253 - Mosaic drag position: (414.0, 235.0)
2024-06-27 17:38:29.675 | DEBUG    | __main__:on_mouse_drag:253 - Mosaic drag position: (418.0, 238.0)
2024-06-27 17:38:29.679 | DEBUG    | __main__:on_mouse_drag:253 - Mosaic drag position: (421.0, 239.0)
2024-06-27 17:38:29.683 | DEBUG    | __main__:on_mouse_drag:253 - Mosaic drag position: (426.0, 241.0)
2024-06-27 17:38:29.687 | DEBUG    | __main__:on_mouse_drag:253 - Mosaic drag position: (430.0, 242.0)
2024-06-27 17:38:29.691 | DEBUG    | __main__:on_mouse_drag:253 - Mosaic drag position: (434.0, 244.0)
2024-06-27 17:38:29.694 | DEBUG    | __main__:on_mouse_drag:253 - Mosaic drag position: (437.0, 245.0)
2024-06-27 17:38:29.698 | DEBUG    | __main__:on_mouse_drag:253 - Mosaic drag position: (441.0, 246.0)
2024-06-27 17:38:29.702 | DEBUG    | __main__:on_mouse_drag:253 - Mosaic drag position: (448.0, 248.0)
2024-06-27 17:38:29.706 | DEBUG    | __main__:on_mouse_drag:253 - Mosaic drag position: (452.0, 248.0)
2024-06-27 17:38:29.710 | DEBUG    | __main__:on_mouse_drag:253 - Mosaic drag position: (460.0, 250.0)
2024-06-27 17:38:29.714 | DEBUG    | __main__:on_mouse_drag:253 - Mosaic drag position: (466.0, 251.0)
2024-06-27 17:38:29.718 | DEBUG    | __main__:on_mouse_drag:253 - Mosaic drag position: (474.0, 251.0)
2024-06-27 17:38:29.722 | DEBUG    | __main__:on_mouse_drag:253 - Mosaic drag position: (481.0, 253.0)
2024-06-27 17:38:29.726 | DEBUG    | __main__:on_mouse_drag:253 - Mosaic drag position: (489.0, 253.0)
2024-06-27 17:38:29.731 | DEBUG    | __main__:on_mouse_drag:253 - Mosaic drag position: (495.0, 253.0)
2024-06-27 17:38:29.734 | DEBUG    | __main__:on_mouse_drag:253 - Mosaic drag position: (505.0, 253.0)
2024-06-27 17:38:29.738 | DEBUG    | __main__:on_mouse_drag:253 - Mosaic drag position: (513.0, 253.0)
2024-06-27 17:38:29.742 | DEBUG    | __main__:on_mouse_drag:253 - Mosaic drag position: (522.0, 253.0)
2024-06-27 17:38:29.746 | DEBUG    | __main__:on_mouse_drag:253 - Mosaic drag position: (532.0, 253.0)
2024-06-27 17:38:29.750 | DEBUG    | __main__:on_mouse_drag:253 - Mosaic drag position: (541.0, 253.0)
2024-06-27 17:38:29.755 | DEBUG    | __main__:on_mouse_drag:253 - Mosaic drag position: (551.0, 253.0)
2024-06-27 17:38:29.758 | DEBUG    | __main__:on_mouse_drag:253 - Mosaic drag position: (560.0, 253.0)
2024-06-27 17:38:29.763 | DEBUG    | __main__:on_mouse_drag:253 - Mosaic drag position: (571.0, 253.0)
2024-06-27 17:38:29.767 | DEBUG    | __main__:on_mouse_drag:253 - Mosaic drag position: (579.0, 253.0)
2024-06-27 17:38:29.771 | DEBUG    | __main__:on_mouse_drag:253 - Mosaic drag position: (590.0, 253.0)
2024-06-27 17:38:29.774 | DEBUG    | __main__:on_mouse_drag:253 - Mosaic drag position: (601.0, 253.0)
2024-06-27 17:38:29.778 | DEBUG    | __main__:on_mouse_drag:253 - Mosaic drag position: (614.0, 253.0)
2024-06-27 17:38:29.783 | DEBUG    | __main__:on_mouse_drag:253 - Mosaic drag position: (625.0, 253.0)
2024-06-27 17:38:29.787 | DEBUG    | __main__:on_mouse_drag:253 - Mosaic drag position: (636.0, 253.0)
2024-06-27 17:38:29.791 | DEBUG    | __main__:on_mouse_drag:253 - Mosaic drag position: (647.0, 253.0)
2024-06-27 17:38:29.794 | DEBUG    | __main__:on_mouse_drag:253 - Mosaic drag position: (657.0, 253.0)
2024-06-27 17:38:29.799 | DEBUG    | __main__:on_mouse_drag:253 - Mosaic drag position: (668.0, 253.0)
2024-06-27 17:38:29.803 | DEBUG    | __main__:on_mouse_drag:253 - Mosaic drag position: (679.0, 253.0)
2024-06-27 17:38:29.806 | DEBUG    | __main__:on_mouse_drag:253 - Mosaic drag position: (687.0, 253.0)
2024-06-27 17:38:29.811 | DEBUG    | __main__:on_mouse_drag:253 - Mosaic drag position: (696.0, 253.0)
2024-06-27 17:38:29.815 | DEBUG    | __main__:on_mouse_drag:253 - Mosaic drag position: (702.0, 253.0)
2024-06-27 17:38:29.819 | DEBUG    | __main__:on_mouse_drag:253 - Mosaic drag position: (708.0, 253.0)
2024-06-27 17:38:29.822 | DEBUG    | __main__:on_mouse_drag:253 - Mosaic drag position: (712.0, 253.0)
2024-06-27 17:38:29.826 | DEBUG    | __main__:on_mouse_drag:253 - Mosaic drag position: (716.0, 253.0)
2024-06-27 17:38:29.830 | DEBUG    | __main__:on_mouse_drag:253 - Mosaic drag position: (719.0, 253.0)
2024-06-27 17:38:29.835 | DEBUG    | __main__:on_mouse_drag:253 - Mosaic drag position: (720.0, 253.0)
2024-06-27 17:38:29.838 | DEBUG    | __main__:on_mouse_drag:253 - Mosaic drag position: (722.0, 253.0)
2024-06-27 17:38:29.842 | DEBUG    | __main__:on_mouse_drag:253 - Mosaic drag position: (723.0, 253.0)
2024-06-27 17:38:29.851 | DEBUG    | __main__:on_mouse_drag:253 - Mosaic drag position: (724.0, 253.0)
2024-06-27 17:38:29.940 | DEBUG    | __main__:on_button_release_mosaic:262 - Mosaic end position: (724.0, 253.0)
2024-06-27 17:38:29.941 | DEBUG    | __main__:apply_mosaic:267 - Applying mosaic.
2024-06-27 17:38:29.963 | DEBUG    | __main__:display_image:160 - Displayed image on canvas.
2024-06-27 17:38:29.963 | DEBUG    | __main__:apply_mosaic:285 - Mosaic applied.
2024-06-27 17:38:33.850 | DEBUG    | __main__:recognize_text:180 - Recognizing text from image.
2024-06-27 17:38:33.850 | DEBUG    | __main__:enhance_image:163 - Enhancing image for OCR.
2024-06-27 17:38:40.066 | DEBUG    | __main__:on_closing:304 - Application exiting.
2024-06-27 22:02:56.274 | DEBUG    | __main__:<module>:26 - Tesseract path set to: E:\01_code\ToolSet\CaptureImage\Tesseract-OCR\tesseract.exe
2024-06-27 22:02:56.312 | DEBUG    | __main__:__init__:47 - Application initialized, starting capture process.
2024-06-27 22:02:56.425 | DEBUG    | __main__:start_capture:52 - Starting capture process.
2024-06-27 22:02:56.439 | DEBUG    | __main__:capture_area:59 - Capturing screen area.
2024-06-27 22:02:57.832 | DEBUG    | __main__:on_button_press_capture:70 - Mouse pressed at (788, 388)
2024-06-27 22:02:58.763 | DEBUG    | __main__:process_capture:95 - Processing capture from (788, 388) to (2232, 711)
2024-06-27 22:02:58.869 | DEBUG    | __main__:show_image_window:105 - Showing image window.
2024-06-27 22:02:58.874 | DEBUG    | __main__:update_image_window_size:155 - Updated image window size to (1444, 323)
2024-06-27 22:02:58.889 | DEBUG    | __main__:display_image:161 - Displayed image on canvas.
2024-06-27 22:03:01.514 | DEBUG    | __main__:on_closing:305 - Application exiting.
2024-06-27 22:03:08.234 | DEBUG    | __main__:<module>:26 - Tesseract path set to: E:\01_code\ToolSet\CaptureImage\Tesseract-OCR\tesseract.exe
2024-06-27 22:03:08.271 | DEBUG    | __main__:__init__:47 - Application initialized, starting capture process.
2024-06-27 22:03:08.380 | DEBUG    | __main__:start_capture:52 - Starting capture process.
2024-06-27 22:03:08.391 | DEBUG    | __main__:capture_area:59 - Capturing screen area.
2024-06-27 22:03:08.872 | DEBUG    | __main__:on_button_press_capture:70 - Mouse pressed at (747, 366)
2024-06-27 22:03:09.511 | DEBUG    | __main__:process_capture:95 - Processing capture from (747, 366) to (1971, 749)
2024-06-27 22:03:09.597 | DEBUG    | __main__:show_image_window:105 - Showing image window.
2024-06-27 22:03:09.604 | DEBUG    | __main__:update_image_window_size:155 - Updated image window size to (1224, 383)
2024-06-27 22:03:09.616 | DEBUG    | __main__:display_image:161 - Displayed image on canvas.
2024-06-27 22:03:11.137 | DEBUG    | __main__:start_capture:52 - Starting capture process.
2024-06-27 22:03:11.147 | DEBUG    | __main__:capture_area:59 - Capturing screen area.
2024-06-27 22:03:11.904 | DEBUG    | __main__:on_button_press_capture:70 - Mouse pressed at (785, 406)
2024-06-27 22:03:12.433 | DEBUG    | __main__:process_capture:95 - Processing capture from (785, 406) to (1243, 619)
2024-06-27 22:03:12.515 | DEBUG    | __main__:show_image_window:105 - Showing image window.
2024-06-27 22:03:12.531 | DEBUG    | __main__:update_image_window_size:155 - Updated image window size to (458, 213)
2024-06-27 22:03:12.548 | DEBUG    | __main__:display_image:161 - Displayed image on canvas.
2024-06-27 22:03:16.130 | DEBUG    | __main__:enable_mosaic_mode:238 - Mosaic mode enabled.
2024-06-27 22:03:16.598 | DEBUG    | __main__:on_button_press:244 - Mosaic start position: (192.0, 74.0)
2024-06-27 22:03:16.691 | DEBUG    | __main__:on_mouse_drag:254 - Mosaic drag position: (192.0, 75.0)
2024-06-27 22:03:16.699 | DEBUG    | __main__:on_mouse_drag:254 - Mosaic drag position: (193.0, 77.0)
2024-06-27 22:03:16.708 | DEBUG    | __main__:on_mouse_drag:254 - Mosaic drag position: (194.0, 78.0)
2024-06-27 22:03:16.715 | DEBUG    | __main__:on_mouse_drag:254 - Mosaic drag position: (195.0, 78.0)
2024-06-27 22:03:16.721 | DEBUG    | __main__:on_mouse_drag:254 - Mosaic drag position: (196.0, 79.0)
2024-06-27 22:03:16.726 | DEBUG    | __main__:on_mouse_drag:254 - Mosaic drag position: (198.0, 79.0)
2024-06-27 22:03:16.731 | DEBUG    | __main__:on_mouse_drag:254 - Mosaic drag position: (199.0, 80.0)
2024-06-27 22:03:16.737 | DEBUG    | __main__:on_mouse_drag:254 - Mosaic drag position: (200.0, 81.0)
2024-06-27 22:03:16.741 | DEBUG    | __main__:on_mouse_drag:254 - Mosaic drag position: (201.0, 81.0)
2024-06-27 22:03:16.745 | DEBUG    | __main__:on_mouse_drag:254 - Mosaic drag position: (202.0, 82.0)
2024-06-27 22:03:16.748 | DEBUG    | __main__:on_mouse_drag:254 - Mosaic drag position: (203.0, 82.0)
2024-06-27 22:03:16.752 | DEBUG    | __main__:on_mouse_drag:254 - Mosaic drag position: (204.0, 83.0)
2024-06-27 22:03:16.756 | DEBUG    | __main__:on_mouse_drag:254 - Mosaic drag position: (205.0, 83.0)
2024-06-27 22:03:16.760 | DEBUG    | __main__:on_mouse_drag:254 - Mosaic drag position: (208.0, 85.0)
2024-06-27 22:03:16.764 | DEBUG    | __main__:on_mouse_drag:254 - Mosaic drag position: (209.0, 86.0)
2024-06-27 22:03:16.768 | DEBUG    | __main__:on_mouse_drag:254 - Mosaic drag position: (212.0, 86.0)
2024-06-27 22:03:16.772 | DEBUG    | __main__:on_mouse_drag:254 - Mosaic drag position: (214.0, 87.0)
2024-06-27 22:03:16.776 | DEBUG    | __main__:on_mouse_drag:254 - Mosaic drag position: (219.0, 89.0)
2024-06-27 22:03:16.780 | DEBUG    | __main__:on_mouse_drag:254 - Mosaic drag position: (221.0, 90.0)
2024-06-27 22:03:16.784 | DEBUG    | __main__:on_mouse_drag:254 - Mosaic drag position: (224.0, 91.0)
2024-06-27 22:03:16.788 | DEBUG    | __main__:on_mouse_drag:254 - Mosaic drag position: (229.0, 93.0)
2024-06-27 22:03:16.791 | DEBUG    | __main__:on_mouse_drag:254 - Mosaic drag position: (233.0, 94.0)
2024-06-27 22:03:16.795 | DEBUG    | __main__:on_mouse_drag:254 - Mosaic drag position: (237.0, 96.0)
2024-06-27 22:03:16.799 | DEBUG    | __main__:on_mouse_drag:254 - Mosaic drag position: (240.0, 97.0)
2024-06-27 22:03:16.803 | DEBUG    | __main__:on_mouse_drag:254 - Mosaic drag position: (244.0, 99.0)
2024-06-27 22:03:16.808 | DEBUG    | __main__:on_mouse_drag:254 - Mosaic drag position: (247.0, 100.0)
2024-06-27 22:03:16.812 | DEBUG    | __main__:on_mouse_drag:254 - Mosaic drag position: (251.0, 100.0)
2024-06-27 22:03:16.816 | DEBUG    | __main__:on_mouse_drag:254 - Mosaic drag position: (254.0, 101.0)
2024-06-27 22:03:16.820 | DEBUG    | __main__:on_mouse_drag:254 - Mosaic drag position: (257.0, 103.0)
2024-06-27 22:03:16.824 | DEBUG    | __main__:on_mouse_drag:254 - Mosaic drag position: (261.0, 104.0)
2024-06-27 22:03:16.827 | DEBUG    | __main__:on_mouse_drag:254 - Mosaic drag position: (262.0, 104.0)
2024-06-27 22:03:16.832 | DEBUG    | __main__:on_mouse_drag:254 - Mosaic drag position: (265.0, 105.0)
2024-06-27 22:03:16.836 | DEBUG    | __main__:on_mouse_drag:254 - Mosaic drag position: (268.0, 105.0)
2024-06-27 22:03:16.840 | DEBUG    | __main__:on_mouse_drag:254 - Mosaic drag position: (270.0, 107.0)
2024-06-27 22:03:16.844 | DEBUG    | __main__:on_mouse_drag:254 - Mosaic drag position: (271.0, 107.0)
2024-06-27 22:03:16.848 | DEBUG    | __main__:on_mouse_drag:254 - Mosaic drag position: (274.0, 108.0)
2024-06-27 22:03:16.851 | DEBUG    | __main__:on_mouse_drag:254 - Mosaic drag position: (277.0, 109.0)
2024-06-27 22:03:16.856 | DEBUG    | __main__:on_mouse_drag:254 - Mosaic drag position: (278.0, 109.0)
2024-06-27 22:03:16.859 | DEBUG    | __main__:on_mouse_drag:254 - Mosaic drag position: (280.0, 111.0)
2024-06-27 22:03:16.863 | DEBUG    | __main__:on_mouse_drag:254 - Mosaic drag position: (281.0, 111.0)
2024-06-27 22:03:16.867 | DEBUG    | __main__:on_mouse_drag:254 - Mosaic drag position: (283.0, 112.0)
2024-06-27 22:03:16.871 | DEBUG    | __main__:on_mouse_drag:254 - Mosaic drag position: (284.0, 112.0)
2024-06-27 22:03:16.876 | DEBUG    | __main__:on_mouse_drag:254 - Mosaic drag position: (285.0, 113.0)
2024-06-27 22:03:16.879 | DEBUG    | __main__:on_mouse_drag:254 - Mosaic drag position: (286.0, 114.0)
2024-06-27 22:03:16.884 | DEBUG    | __main__:on_mouse_drag:254 - Mosaic drag position: (287.0, 114.0)
2024-06-27 22:03:16.888 | DEBUG    | __main__:on_mouse_drag:254 - Mosaic drag position: (288.0, 115.0)
2024-06-27 22:03:16.916 | DEBUG    | __main__:on_mouse_drag:254 - Mosaic drag position: (289.0, 116.0)
2024-06-27 22:03:16.919 | DEBUG    | __main__:on_mouse_drag:254 - Mosaic drag position: (290.0, 116.0)
2024-06-27 22:03:16.924 | DEBUG    | __main__:on_mouse_drag:254 - Mosaic drag position: (292.0, 117.0)
2024-06-27 22:03:16.928 | DEBUG    | __main__:on_mouse_drag:254 - Mosaic drag position: (293.0, 117.0)
2024-06-27 22:03:16.936 | DEBUG    | __main__:on_mouse_drag:254 - Mosaic drag position: (293.0, 119.0)
2024-06-27 22:03:16.940 | DEBUG    | __main__:on_mouse_drag:254 - Mosaic drag position: (294.0, 119.0)
2024-06-27 22:03:16.944 | DEBUG    | __main__:on_mouse_drag:254 - Mosaic drag position: (295.0, 120.0)
2024-06-27 22:03:16.948 | DEBUG    | __main__:on_mouse_drag:254 - Mosaic drag position: (296.0, 120.0)
2024-06-27 22:03:16.952 | DEBUG    | __main__:on_mouse_drag:254 - Mosaic drag position: (297.0, 121.0)
2024-06-27 22:03:16.956 | DEBUG    | __main__:on_mouse_drag:254 - Mosaic drag position: (298.0, 122.0)
2024-06-27 22:03:16.960 | DEBUG    | __main__:on_mouse_drag:254 - Mosaic drag position: (300.0, 122.0)
2024-06-27 22:03:16.964 | DEBUG    | __main__:on_mouse_drag:254 - Mosaic drag position: (300.0, 123.0)
2024-06-27 22:03:16.968 | DEBUG    | __main__:on_mouse_drag:254 - Mosaic drag position: (301.0, 123.0)
2024-06-27 22:03:16.972 | DEBUG    | __main__:on_mouse_drag:254 - Mosaic drag position: (302.0, 123.0)
2024-06-27 22:03:16.975 | DEBUG    | __main__:on_mouse_drag:254 - Mosaic drag position: (302.0, 124.0)
2024-06-27 22:03:16.980 | DEBUG    | __main__:on_mouse_drag:254 - Mosaic drag position: (303.0, 125.0)
2024-06-27 22:03:16.984 | DEBUG    | __main__:on_mouse_drag:254 - Mosaic drag position: (304.0, 125.0)
2024-06-27 22:03:16.988 | DEBUG    | __main__:on_mouse_drag:254 - Mosaic drag position: (305.0, 127.0)
2024-06-27 22:03:16.991 | DEBUG    | __main__:on_mouse_drag:254 - Mosaic drag position: (308.0, 128.0)
2024-06-27 22:03:16.996 | DEBUG    | __main__:on_mouse_drag:254 - Mosaic drag position: (309.0, 128.0)
2024-06-27 22:03:17.000 | DEBUG    | __main__:on_mouse_drag:254 - Mosaic drag position: (310.0, 129.0)
2024-06-27 22:03:17.004 | DEBUG    | __main__:on_mouse_drag:254 - Mosaic drag position: (311.0, 130.0)
2024-06-27 22:03:17.008 | DEBUG    | __main__:on_mouse_drag:254 - Mosaic drag position: (312.0, 130.0)
2024-06-27 22:03:17.012 | DEBUG    | __main__:on_mouse_drag:254 - Mosaic drag position: (313.0, 131.0)
2024-06-27 22:03:17.016 | DEBUG    | __main__:on_mouse_drag:254 - Mosaic drag position: (315.0, 132.0)
2024-06-27 22:03:17.020 | DEBUG    | __main__:on_mouse_drag:254 - Mosaic drag position: (316.0, 134.0)
2024-06-27 22:03:17.024 | DEBUG    | __main__:on_mouse_drag:254 - Mosaic drag position: (317.0, 135.0)
2024-06-27 22:03:17.027 | DEBUG    | __main__:on_mouse_drag:254 - Mosaic drag position: (318.0, 135.0)
2024-06-27 22:03:17.032 | DEBUG    | __main__:on_mouse_drag:254 - Mosaic drag position: (321.0, 136.0)
2024-06-27 22:03:17.036 | DEBUG    | __main__:on_mouse_drag:254 - Mosaic drag position: (322.0, 137.0)
2024-06-27 22:03:17.040 | DEBUG    | __main__:on_mouse_drag:254 - Mosaic drag position: (323.0, 137.0)
2024-06-27 22:03:17.044 | DEBUG    | __main__:on_mouse_drag:254 - Mosaic drag position: (324.0, 138.0)
2024-06-27 22:03:17.048 | DEBUG    | __main__:on_mouse_drag:254 - Mosaic drag position: (325.0, 139.0)
2024-06-27 22:03:17.052 | DEBUG    | __main__:on_mouse_drag:254 - Mosaic drag position: (326.0, 139.0)
2024-06-27 22:03:17.056 | DEBUG    | __main__:on_mouse_drag:254 - Mosaic drag position: (327.0, 140.0)
2024-06-27 22:03:17.059 | DEBUG    | __main__:on_mouse_drag:254 - Mosaic drag position: (328.0, 142.0)
2024-06-27 22:03:17.064 | DEBUG    | __main__:on_mouse_drag:254 - Mosaic drag position: (330.0, 143.0)
2024-06-27 22:03:17.067 | DEBUG    | __main__:on_mouse_drag:254 - Mosaic drag position: (330.0, 144.0)
2024-06-27 22:03:17.072 | DEBUG    | __main__:on_mouse_drag:254 - Mosaic drag position: (331.0, 144.0)
2024-06-27 22:03:17.076 | DEBUG    | __main__:on_mouse_drag:254 - Mosaic drag position: (332.0, 145.0)
2024-06-27 22:03:17.080 | DEBUG    | __main__:on_mouse_drag:254 - Mosaic drag position: (333.0, 145.0)
2024-06-27 22:03:17.088 | DEBUG    | __main__:on_mouse_drag:254 - Mosaic drag position: (334.0, 146.0)
2024-06-27 22:03:17.092 | DEBUG    | __main__:on_mouse_drag:254 - Mosaic drag position: (335.0, 146.0)
2024-06-27 22:03:17.095 | DEBUG    | __main__:on_mouse_drag:254 - Mosaic drag position: (336.0, 146.0)
2024-06-27 22:03:17.099 | DEBUG    | __main__:on_mouse_drag:254 - Mosaic drag position: (336.0, 147.0)
2024-06-27 22:03:17.104 | DEBUG    | __main__:on_mouse_drag:254 - Mosaic drag position: (338.0, 147.0)
2024-06-27 22:03:17.116 | DEBUG    | __main__:on_mouse_drag:254 - Mosaic drag position: (339.0, 148.0)
2024-06-27 22:03:17.124 | DEBUG    | __main__:on_mouse_drag:254 - Mosaic drag position: (340.0, 148.0)
2024-06-27 22:03:17.226 | DEBUG    | __main__:on_mouse_drag:254 - Mosaic drag position: (340.0, 150.0)
2024-06-27 22:03:17.230 | DEBUG    | __main__:on_mouse_drag:254 - Mosaic drag position: (341.0, 150.0)
2024-06-27 22:03:17.274 | DEBUG    | __main__:on_button_release_mosaic:263 - Mosaic end position: (341.0, 150.0)
2024-06-27 22:03:17.274 | DEBUG    | __main__:apply_mosaic:268 - Applying mosaic.
2024-06-27 22:03:17.280 | DEBUG    | __main__:display_image:161 - Displayed image on canvas.
2024-06-27 22:03:17.280 | DEBUG    | __main__:apply_mosaic:286 - Mosaic applied.
2024-06-27 22:03:23.716 | DEBUG    | __main__:on_closing:305 - Application exiting.
